Started GET "/" for ::1 at 2018-06-01 23:25:40 +0500
  
Mysql2::Error (Access denied for user 'root'@'localhost' (using password: NO)):
  
mysql2 (0.4.10) lib/mysql2/client.rb:89:in `connect'
mysql2 (0.4.10) lib/mysql2/client.rb:89:in `initialize'
activerecord (5.1.5) lib/active_record/connection_adapters/mysql2_adapter.rb:21:in `new'
activerecord (5.1.5) lib/active_record/connection_adapters/mysql2_adapter.rb:21:in `mysql2_connection'
activerecord (5.1.5) lib/active_record/connection_adapters/abstract/connection_pool.rb:759:in `new_connection'
activerecord (5.1.5) lib/active_record/connection_adapters/abstract/connection_pool.rb:803:in `checkout_new_connection'
activerecord (5.1.5) lib/active_record/connection_adapters/abstract/connection_pool.rb:782:in `try_to_checkout_new_connection'
activerecord (5.1.5) lib/active_record/connection_adapters/abstract/connection_pool.rb:743:in `acquire_connection'
activerecord (5.1.5) lib/active_record/connection_adapters/abstract/connection_pool.rb:500:in `checkout'
activerecord (5.1.5) lib/active_record/connection_adapters/abstract/connection_pool.rb:374:in `connection'
activerecord (5.1.5) lib/active_record/connection_adapters/abstract/connection_pool.rb:931:in `retrieve_connection'
activerecord (5.1.5) lib/active_record/connection_handling.rb:116:in `retrieve_connection'
activerecord (5.1.5) lib/active_record/connection_handling.rb:88:in `connection'
activerecord (5.1.5) lib/active_record/migration.rb:562:in `connection'
activerecord (5.1.5) lib/active_record/migration.rb:553:in `call'
actionpack (5.1.5) lib/action_dispatch/middleware/callbacks.rb:26:in `block in call'
activesupport (5.1.5) lib/active_support/callbacks.rb:97:in `run_callbacks'
actionpack (5.1.5) lib/action_dispatch/middleware/callbacks.rb:24:in `call'
actionpack (5.1.5) lib/action_dispatch/middleware/executor.rb:12:in `call'
actionpack (5.1.5) lib/action_dispatch/middleware/debug_exceptions.rb:59:in `call'
actionpack (5.1.5) lib/action_dispatch/middleware/show_exceptions.rb:31:in `call'
railties (5.1.5) lib/rails/rack/logger.rb:36:in `call_app'
railties (5.1.5) lib/rails/rack/logger.rb:24:in `block in call'
activesupport (5.1.5) lib/active_support/tagged_logging.rb:69:in `block in tagged'
activesupport (5.1.5) lib/active_support/tagged_logging.rb:26:in `tagged'
activesupport (5.1.5) lib/active_support/tagged_logging.rb:69:in `tagged'
railties (5.1.5) lib/rails/rack/logger.rb:24:in `call'
actionpack (5.1.5) lib/action_dispatch/middleware/remote_ip.rb:79:in `call'
actionpack (5.1.5) lib/action_dispatch/middleware/request_id.rb:25:in `call'
rack (2.0.4) lib/rack/method_override.rb:22:in `call'
rack (2.0.4) lib/rack/runtime.rb:22:in `call'
activesupport (5.1.5) lib/active_support/cache/strategy/local_cache_middleware.rb:27:in `call'
actionpack (5.1.5) lib/action_dispatch/middleware/executor.rb:12:in `call'
actionpack (5.1.5) lib/action_dispatch/middleware/static.rb:125:in `call'
rack (2.0.4) lib/rack/sendfile.rb:111:in `call'
railties (5.1.5) lib/rails/engine.rb:522:in `call'
puma (3.11.2) lib/puma/configuration.rb:225:in `call'
puma (3.11.2) lib/puma/server.rb:624:in `handle_request'
puma (3.11.2) lib/puma/server.rb:438:in `process_client'
puma (3.11.2) lib/puma/server.rb:302:in `block in run'
puma (3.11.2) lib/puma/thread_pool.rb:120:in `block in spawn_thread'
  [1m[35m (0.3ms)[0m  [1m[35mSET NAMES utf8,  @@SESSION.sql_mode = CONCAT(CONCAT(@@sql_mode, ',STRICT_ALL_TABLES'), ',NO_AUTO_VALUE_ON_ZERO'),  @@SESSION.sql_auto_is_null = 0, @@SESSION.wait_timeout = 2147483[0m
  [1m[35m (85.1ms)[0m  [1m[35mCREATE TABLE `schema_migrations` (`version` varchar(255) NOT NULL PRIMARY KEY) ENGINE=InnoDB[0m
  [1m[35m (58.3ms)[0m  [1m[35mCREATE TABLE `ar_internal_metadata` (`key` varchar(255) NOT NULL PRIMARY KEY, `value` varchar(255), `created_at` datetime NOT NULL, `updated_at` datetime NOT NULL) ENGINE=InnoDB[0m
  [1m[35m (0.2ms)[0m  [1m[34mSELECT GET_LOCK('579749758297584630', 0)[0m
  [1m[35m (0.3ms)[0m  [1m[34mSELECT `schema_migrations`.`version` FROM `schema_migrations` ORDER BY `schema_migrations`.`version` ASC[0m
Migrating to CreateArticles (20180306083747)
  [1m[35m (61.7ms)[0m  [1m[35mCREATE TABLE `articles` (`id` bigint NOT NULL AUTO_INCREMENT PRIMARY KEY, `email` varchar(255), `title` varchar(255), `content` text, `date` datetime, `published` tinyint(1), `created_at` datetime NOT NULL, `updated_at` datetime NOT NULL) ENGINE=InnoDB[0m
  [1m[35m (0.2ms)[0m  [1m[35mBEGIN[0m
  [1m[35mSQL (0.3ms)[0m  [1m[32mINSERT INTO `schema_migrations` (`version`) VALUES ('20180306083747')[0m
  [1m[35m (28.4ms)[0m  [1m[35mCOMMIT[0m
Migrating to CreateComments (20180306083759)
  [1m[35m (59.1ms)[0m  [1m[35mCREATE TABLE `comments` (`id` bigint NOT NULL AUTO_INCREMENT PRIMARY KEY, `email` varchar(255), `article_id` bigint, `title` varchar(255), `content` varchar(255), `created_at` datetime NOT NULL, `updated_at` datetime NOT NULL,  INDEX `index_comments_on_article_id`  (`article_id`), CONSTRAINT `fk_rails_3bf61a60d3`
FOREIGN KEY (`article_id`)
  REFERENCES `articles` (`id`)
) ENGINE=InnoDB[0m
  [1m[35m (0.2ms)[0m  [1m[35mBEGIN[0m
  [1m[35mSQL (0.3ms)[0m  [1m[32mINSERT INTO `schema_migrations` (`version`) VALUES ('20180306083759')[0m
  [1m[35m (31.4ms)[0m  [1m[35mCOMMIT[0m
  [1m[36mActiveRecord::InternalMetadata Load (0.4ms)[0m  [1m[34mSELECT  `ar_internal_metadata`.* FROM `ar_internal_metadata` WHERE `ar_internal_metadata`.`key` = 'environment' LIMIT 1[0m
  [1m[35m (0.2ms)[0m  [1m[35mBEGIN[0m
  [1m[35mSQL (0.3ms)[0m  [1m[32mINSERT INTO `ar_internal_metadata` (`key`, `value`, `created_at`, `updated_at`) VALUES ('environment', 'development', '2018-06-01 18:27:20', '2018-06-01 18:27:20')[0m
  [1m[35m (30.5ms)[0m  [1m[35mCOMMIT[0m
  [1m[35m (0.2ms)[0m  [1m[34mSELECT RELEASE_LOCK('579749758297584630')[0m
  [1m[35m (0.3ms)[0m  [1m[34mSELECT `schema_migrations`.`version` FROM `schema_migrations` ORDER BY `schema_migrations`.`version` ASC[0m
  [1m[35m (0.5ms)[0m  [1m[35mSET NAMES utf8,  @@SESSION.sql_mode = CONCAT(CONCAT(@@sql_mode, ',STRICT_ALL_TABLES'), ',NO_AUTO_VALUE_ON_ZERO'),  @@SESSION.sql_auto_is_null = 0, @@SESSION.wait_timeout = 2147483[0m
  [1m[35m (0.3ms)[0m  [1m[34mSELECT `schema_migrations`.`version` FROM `schema_migrations` ORDER BY `schema_migrations`.`version` ASC[0m
Started GET "/" for ::1 at 2018-06-01 23:27:42 +0500
  [1m[35m (0.4ms)[0m  [1m[35mSET NAMES utf8,  @@SESSION.sql_mode = CONCAT(CONCAT(@@sql_mode, ',STRICT_ALL_TABLES'), ',NO_AUTO_VALUE_ON_ZERO'),  @@SESSION.sql_auto_is_null = 0, @@SESSION.wait_timeout = 2147483[0m
  [1m[35m (0.4ms)[0m  [1m[34mSELECT `schema_migrations`.`version` FROM `schema_migrations` ORDER BY `schema_migrations`.`version` ASC[0m
Processing by Rails::WelcomeController#index as HTML
  Rendering /home/hamza/.rvm/gems/ruby-2.4.0/gems/railties-5.1.5/lib/rails/templates/rails/welcome/index.html.erb
  Rendered /home/hamza/.rvm/gems/ruby-2.4.0/gems/railties-5.1.5/lib/rails/templates/rails/welcome/index.html.erb (3.6ms)
Completed 200 OK in 9ms (Views: 7.8ms | ActiveRecord: 0.0ms)


Started GET "/articles" for ::1 at 2018-06-01 23:28:47 +0500
  
ActionController::RoutingError (No route matches [GET] "/articles"):
  
actionpack (5.1.5) lib/action_dispatch/middleware/debug_exceptions.rb:63:in `call'
actionpack (5.1.5) lib/action_dispatch/middleware/show_exceptions.rb:31:in `call'
railties (5.1.5) lib/rails/rack/logger.rb:36:in `call_app'
railties (5.1.5) lib/rails/rack/logger.rb:24:in `block in call'
activesupport (5.1.5) lib/active_support/tagged_logging.rb:69:in `block in tagged'
activesupport (5.1.5) lib/active_support/tagged_logging.rb:26:in `tagged'
activesupport (5.1.5) lib/active_support/tagged_logging.rb:69:in `tagged'
railties (5.1.5) lib/rails/rack/logger.rb:24:in `call'
actionpack (5.1.5) lib/action_dispatch/middleware/remote_ip.rb:79:in `call'
actionpack (5.1.5) lib/action_dispatch/middleware/request_id.rb:25:in `call'
rack (2.0.4) lib/rack/method_override.rb:22:in `call'
rack (2.0.4) lib/rack/runtime.rb:22:in `call'
activesupport (5.1.5) lib/active_support/cache/strategy/local_cache_middleware.rb:27:in `call'
actionpack (5.1.5) lib/action_dispatch/middleware/executor.rb:12:in `call'
actionpack (5.1.5) lib/action_dispatch/middleware/static.rb:125:in `call'
rack (2.0.4) lib/rack/sendfile.rb:111:in `call'
railties (5.1.5) lib/rails/engine.rb:522:in `call'
puma (3.11.2) lib/puma/configuration.rb:225:in `call'
puma (3.11.2) lib/puma/server.rb:624:in `handle_request'
puma (3.11.2) lib/puma/server.rb:438:in `process_client'
puma (3.11.2) lib/puma/server.rb:302:in `block in run'
puma (3.11.2) lib/puma/thread_pool.rb:120:in `block in spawn_thread'
Started GET "/" for ::1 at 2018-06-01 23:28:58 +0500
Processing by Rails::WelcomeController#index as HTML
  Rendering /home/hamza/.rvm/gems/ruby-2.4.0/gems/railties-5.1.5/lib/rails/templates/rails/welcome/index.html.erb
  Rendered /home/hamza/.rvm/gems/ruby-2.4.0/gems/railties-5.1.5/lib/rails/templates/rails/welcome/index.html.erb (3.3ms)
Completed 200 OK in 8ms (Views: 6.8ms | ActiveRecord: 0.0ms)


  [1m[35m (0.4ms)[0m  [1m[35mSET NAMES utf8,  @@SESSION.sql_mode = CONCAT(CONCAT(@@sql_mode, ',STRICT_ALL_TABLES'), ',NO_AUTO_VALUE_ON_ZERO'),  @@SESSION.sql_auto_is_null = 0, @@SESSION.wait_timeout = 2147483[0m
Started POST "/articles" for ::1 at 2018-06-01 23:44:36 +0500
Processing by ArticlesController#create as JSON
  Parameters: {"email"=>"hamzafastian@gmail.com", "title"=>"hamza", "content"=>"test content", "date"=>"Fri, 01 Jun 2018 23:33:57 +0500", "published"=>true, "article"=>{"email"=>"hamzafastian@gmail.com", "title"=>"hamza", "content"=>"test content", "date"=>"Fri, 01 Jun 2018 23:33:57 +0500", "published"=>true}}
Can't verify CSRF token authenticity.
  [1m[35m (0.2ms)[0m  [1m[35mBEGIN[0m
  [1m[35mSQL (0.4ms)[0m  [1m[32mINSERT INTO `articles` (`email`, `title`, `content`, `date`, `published`, `created_at`, `updated_at`) VALUES ('hamzafastian@gmail.com', 'hamza', 'test content', '2018-06-01 18:33:57', 1, '2018-06-01 18:44:36', '2018-06-01 18:44:36')[0m
  [1m[35m (95.5ms)[0m  [1m[35mCOMMIT[0m
  Rendering articles/show.json.jbuilder
  [1m[36mComment Load (11.1ms)[0m  [1m[34mSELECT `comments`.* FROM `comments` WHERE `comments`.`article_id` = 1[0m
  Rendered articles/show.json.jbuilder (209.0ms)
Completed 201 Created in 425ms (Views: 200.7ms | ActiveRecord: 111.8ms)


  [1m[35m (0.4ms)[0m  [1m[34mSELECT COUNT(*) FROM `articles`[0m
  [1m[36mArticle Load (0.6ms)[0m  [1m[34mSELECT  `articles`.* FROM `articles` ORDER BY `articles`.`id` DESC LIMIT 1[0m
Started POST "/articles" for ::1 at 2018-06-02 00:19:45 +0500
Processing by ArticlesController#create as JSON
  Parameters: {"email"=>"hamzafastian@gmail.com", "title"=>"hamza", "content"=>"test content", "date"=>"Fri, 01 Jun 2018 23:33:57 +0500", "published"=>true, "article"=>{"email"=>"hamzafastian@gmail.com", "title"=>"hamza", "content"=>"test content", "date"=>"Fri, 01 Jun 2018 23:33:57 +0500", "published"=>true}}
Can't verify CSRF token authenticity.
  [1m[35m (0.2ms)[0m  [1m[35mBEGIN[0m
  [1m[35mSQL (0.4ms)[0m  [1m[32mINSERT INTO `articles` (`email`, `title`, `content`, `date`, `published`, `created_at`, `updated_at`) VALUES ('hamzafastian@gmail.com', 'hamza', 'test content', '2018-06-01 18:33:57', 1, '2018-06-01 19:19:45', '2018-06-01 19:19:45')[0m
  [1m[35m (104.6ms)[0m  [1m[35mCOMMIT[0m
  Rendering articles/show.json.jbuilder
  [1m[36mComment Load (0.4ms)[0m  [1m[34mSELECT `comments`.* FROM `comments` WHERE `comments`.`article_id` = 2[0m
  Rendered articles/show.json.jbuilder (9.6ms)
Completed 201 Created in 135ms (Views: 11.6ms | ActiveRecord: 108.3ms)


Started GET "/articles/search?keyword=test" for ::1 at 2018-06-02 00:20:53 +0500
Processing by ArticlesController#search as JSON
  Parameters: {"keyword"=>"test", "article"=>{}}
  [1m[36mArticle Load (0.5ms)[0m  [1m[34mSELECT  `articles`.* FROM `articles` WHERE (title LIKE '%test%' OR content LIKE '%test%') ORDER BY `articles`.`date` DESC LIMIT 20[0m
  [1m[36mComment Load (0.4ms)[0m  [1m[34mSELECT `comments`.* FROM `comments` WHERE `comments`.`article_id` IN (1, 2)[0m
  Rendering articles/search.json.jbuilder
  [1m[35m (0.5ms)[0m  [1m[34mSELECT COUNT(*) FROM `comments` WHERE `comments`.`article_id` = 1[0m
  [1m[35m (0.3ms)[0m  [1m[34mSELECT COUNT(*) FROM `comments` WHERE `comments`.`article_id` = 2[0m
  Rendered articles/search.json.jbuilder (5.2ms)
Completed 200 OK in 155ms (Views: 6.3ms | ActiveRecord: 1.8ms)


Started GET "/articles/search?keyword=test" for ::1 at 2018-06-02 00:22:44 +0500
  [1m[35m (0.3ms)[0m  [1m[35mSET NAMES utf8,  @@SESSION.sql_mode = CONCAT(CONCAT(@@sql_mode, ',STRICT_ALL_TABLES'), ',NO_AUTO_VALUE_ON_ZERO'),  @@SESSION.sql_auto_is_null = 0, @@SESSION.wait_timeout = 2147483[0m
  [1m[35m (0.4ms)[0m  [1m[34mSELECT `schema_migrations`.`version` FROM `schema_migrations` ORDER BY `schema_migrations`.`version` ASC[0m
Processing by ArticlesController#search as JSON
  Parameters: {"keyword"=>"test", "article"=>{}}
  [1m[36mArticle Load (1.1ms)[0m  [1m[34mSELECT  `articles`.* FROM `articles` WHERE (title LIKE '%test%' OR content LIKE '%test%') LIMIT 11[0m
  [1m[36mArticle Load (0.9ms)[0m  [1m[34mSELECT  `articles`.* FROM `articles` WHERE (title LIKE '%test%' OR content LIKE '%test%') ORDER BY `articles`.`date` DESC LIMIT 20[0m
  [1m[36mComment Load (0.4ms)[0m  [1m[34mSELECT `comments`.* FROM `comments` WHERE `comments`.`article_id` IN (1, 2)[0m
  [1m[36mArticle Load (0.7ms)[0m  [1m[34mSELECT  `articles`.* FROM `articles` WHERE (title LIKE '%test%' OR content LIKE '%test%') ORDER BY `articles`.`date` DESC LIMIT 20[0m
  [1m[36mComment Load (0.4ms)[0m  [1m[34mSELECT `comments`.* FROM `comments` WHERE `comments`.`article_id` IN (1, 2)[0m
  [1m[36mArticle Load (0.6ms)[0m  [1m[34mSELECT  `articles`.* FROM `articles` WHERE (title LIKE '%test%' OR content LIKE '%test%') ORDER BY `articles`.`date` DESC LIMIT 20[0m
  [1m[36mComment Load (0.3ms)[0m  [1m[34mSELECT `comments`.* FROM `comments` WHERE `comments`.`article_id` IN (1, 2)[0m
  [1m[36mArticle Load (1.0ms)[0m  [1m[34mSELECT  `articles`.* FROM `articles` WHERE (title LIKE '%test%' OR content LIKE '%test%') ORDER BY `articles`.`date` DESC LIMIT 20[0m
  [1m[36mComment Load (0.4ms)[0m  [1m[34mSELECT `comments`.* FROM `comments` WHERE `comments`.`article_id` IN (1, 2)[0m
  [1m[36mArticle Load (0.7ms)[0m  [1m[34mSELECT  `articles`.* FROM `articles` WHERE (title LIKE '%test%' OR content LIKE '%test%') ORDER BY `articles`.`date` DESC LIMIT 20[0m
  [1m[36mComment Load (0.5ms)[0m  [1m[34mSELECT `comments`.* FROM `comments` WHERE `comments`.`article_id` IN (1, 2)[0m
  [1m[36mArticle Load (0.8ms)[0m  [1m[34mSELECT  `articles`.* FROM `articles` WHERE (title LIKE '%test%' OR content LIKE '%test%') ORDER BY `articles`.`date` DESC LIMIT 20[0m
  [1m[36mComment Load (0.4ms)[0m  [1m[34mSELECT `comments`.* FROM `comments` WHERE `comments`.`article_id` IN (1, 2)[0m
  [1m[36mArticle Load (0.7ms)[0m  [1m[34mSELECT  `articles`.* FROM `articles` WHERE (title LIKE '%test%' OR content LIKE '%test%') ORDER BY `articles`.`date` DESC LIMIT 20[0m
  [1m[36mComment Load (0.5ms)[0m  [1m[34mSELECT `comments`.* FROM `comments` WHERE `comments`.`article_id` IN (1, 2)[0m
  [1m[36mArticle Load (1.0ms)[0m  [1m[34mSELECT  `articles`.* FROM `articles` WHERE (title LIKE '%test%' OR content LIKE '%test%') ORDER BY `articles`.`date` DESC LIMIT 20[0m
  [1m[36mComment Load (0.7ms)[0m  [1m[34mSELECT `comments`.* FROM `comments` WHERE `comments`.`article_id` IN (1, 2)[0m
  [1m[36mArticle Load (0.6ms)[0m  [1m[34mSELECT  `articles`.* FROM `articles` WHERE (title LIKE '%test%' OR content LIKE '%test%') ORDER BY `articles`.`date` DESC LIMIT 20[0m
  [1m[36mComment Load (0.4ms)[0m  [1m[34mSELECT `comments`.* FROM `comments` WHERE `comments`.`article_id` IN (1, 2)[0m
  [1m[36mArticle Load (0.7ms)[0m  [1m[34mSELECT  `articles`.* FROM `articles` WHERE (title LIKE '%test%' OR content LIKE '%test%') ORDER BY `articles`.`date` DESC LIMIT 20[0m
  [1m[36mComment Load (0.4ms)[0m  [1m[34mSELECT `comments`.* FROM `comments` WHERE `comments`.`article_id` IN (1, 2)[0m
  [1m[36mArticle Load (1.0ms)[0m  [1m[34mSELECT  `articles`.* FROM `articles` WHERE (title LIKE '%test%' OR content LIKE '%test%') ORDER BY `articles`.`date` DESC LIMIT 20[0m
  [1m[36mComment Load (0.5ms)[0m  [1m[34mSELECT `comments`.* FROM `comments` WHERE `comments`.`article_id` IN (1, 2)[0m
  [1m[36mArticle Load (1.0ms)[0m  [1m[34mSELECT  `articles`.* FROM `articles` WHERE (title LIKE '%test%' OR content LIKE '%test%') LIMIT 20[0m
  [1m[36mArticle Load (0.8ms)[0m  [1m[34mSELECT  `articles`.* FROM `articles` WHERE (title LIKE '%test%' OR content LIKE '%test%') LIMIT 20[0m
  [1m[36mArticle Load (1.0ms)[0m  [1m[34mSELECT  `articles`.* FROM `articles` WHERE (title LIKE '%test%' OR content LIKE '%test%') ORDER BY `articles`.`date` DESC LIMIT 20[0m
  [1m[36mArticle Load (0.5ms)[0m  [1m[34mSELECT  `articles`.* FROM `articles` WHERE (title LIKE '%test%' OR content LIKE '%test%') LIMIT 11[0m
  [1m[36mArticle Load (0.6ms)[0m  [1m[34mSELECT  `articles`.* FROM `articles` WHERE (title LIKE '%test%' OR content LIKE '%test%') LIMIT 11[0m
  [1m[36mComment Load (0.5ms)[0m  [1m[34mSELECT `comments`.* FROM `comments` WHERE `comments`.`article_id` IN (1, 2)[0m
  [1m[36mArticle Load (0.9ms)[0m  [1m[34mSELECT  `articles`.* FROM `articles` WHERE (title LIKE '%test%' OR content LIKE '%test%') LIMIT 11[0m
  [1m[36mComment Load (0.8ms)[0m  [1m[34mSELECT `comments`.* FROM `comments` WHERE `comments`.`article_id` IN (1, 2)[0m
  [1m[36mArticle Load (1.0ms)[0m  [1m[34mSELECT  `articles`.* FROM `articles` WHERE (title LIKE '%test%' OR content LIKE '%test%') LIMIT 11[0m
  [1m[36mComment Load (0.5ms)[0m  [1m[34mSELECT `comments`.* FROM `comments` WHERE `comments`.`article_id` IN (1, 2)[0m
  [1m[36mArticle Load (0.5ms)[0m  [1m[34mSELECT  `articles`.* FROM `articles` WHERE (title LIKE '%test%' OR content LIKE '%test%') LIMIT 11[0m
  [1m[36mComment Load (0.4ms)[0m  [1m[34mSELECT `comments`.* FROM `comments` WHERE `comments`.`article_id` IN (1, 2)[0m
  [1m[36mArticle Load (0.5ms)[0m  [1m[34mSELECT  `articles`.* FROM `articles` WHERE (title LIKE '%test%' OR content LIKE '%test%') LIMIT 11[0m
  [1m[36mComment Load (0.4ms)[0m  [1m[34mSELECT `comments`.* FROM `comments` WHERE `comments`.`article_id` IN (1, 2)[0m
  [1m[36mArticle Load (0.9ms)[0m  [1m[34mSELECT  `articles`.* FROM `articles` WHERE (title LIKE '%test%' OR content LIKE '%test%') LIMIT 11[0m
  [1m[36mComment Load (0.8ms)[0m  [1m[34mSELECT `comments`.* FROM `comments` WHERE `comments`.`article_id` IN (1, 2)[0m
  [1m[36mArticle Load (1.0ms)[0m  [1m[34mSELECT  `articles`.* FROM `articles` WHERE (title LIKE '%test%' OR content LIKE '%test%') LIMIT 11[0m
  [1m[36mComment Load (0.4ms)[0m  [1m[34mSELECT `comments`.* FROM `comments` WHERE `comments`.`article_id` IN (1, 2)[0m
  [1m[36mArticle Load (0.6ms)[0m  [1m[34mSELECT  `articles`.* FROM `articles` WHERE (title LIKE '%test%' OR content LIKE '%test%') LIMIT 11[0m
  [1m[36mComment Load (0.4ms)[0m  [1m[34mSELECT `comments`.* FROM `comments` WHERE `comments`.`article_id` IN (1, 2)[0m
  [1m[36mArticle Load (0.7ms)[0m  [1m[34mSELECT  `articles`.* FROM `articles` WHERE (title LIKE '%test%' OR content LIKE '%test%') LIMIT 11[0m
  [1m[36mComment Load (0.5ms)[0m  [1m[34mSELECT `comments`.* FROM `comments` WHERE `comments`.`article_id` IN (1, 2)[0m
  [1m[36mArticle Load (1.0ms)[0m  [1m[34mSELECT  `articles`.* FROM `articles` WHERE (title LIKE '%test%' OR content LIKE '%test%') LIMIT 11[0m
  [1m[36mComment Load (0.9ms)[0m  [1m[34mSELECT `comments`.* FROM `comments` WHERE `comments`.`article_id` IN (1, 2)[0m
  [1m[36mArticle Load (0.6ms)[0m  [1m[34mSELECT  `articles`.* FROM `articles` WHERE (title LIKE '%test%' OR content LIKE '%test%') LIMIT 11[0m
  [1m[36mComment Load (0.5ms)[0m  [1m[34mSELECT `comments`.* FROM `comments` WHERE `comments`.`article_id` IN (1, 2)[0m
  [1m[36mArticle Load (0.9ms)[0m  [1m[34mSELECT  `articles`.* FROM `articles` WHERE (title LIKE '%test%' OR content LIKE '%test%') LIMIT 11[0m
  [1m[36mComment Load (0.6ms)[0m  [1m[34mSELECT `comments`.* FROM `comments` WHERE `comments`.`article_id` IN (1, 2)[0m
  [1m[36mArticle Load (0.8ms)[0m  [1m[34mSELECT  `articles`.* FROM `articles` WHERE (title LIKE '%test%' OR content LIKE '%test%') ORDER BY `articles`.`date` DESC LIMIT 11[0m
  [1m[36mComment Load (0.5ms)[0m  [1m[34mSELECT `comments`.* FROM `comments` WHERE `comments`.`article_id` IN (1, 2)[0m
  [1m[36mArticle Load (0.8ms)[0m  [1m[34mSELECT  `articles`.* FROM `articles` WHERE (title LIKE '%test%' OR content LIKE '%test%') ORDER BY `articles`.`date` DESC LIMIT 20[0m
  [1m[36mComment Load (0.5ms)[0m  [1m[34mSELECT `comments`.* FROM `comments` WHERE `comments`.`article_id` IN (1, 2)[0m
  [1m[36mArticle Load (0.6ms)[0m  [1m[34mSELECT  `articles`.* FROM `articles` WHERE (title LIKE '%test%' OR content LIKE '%test%') ORDER BY `articles`.`date` DESC LIMIT 20[0m
  [1m[36mComment Load (0.5ms)[0m  [1m[34mSELECT `comments`.* FROM `comments` WHERE `comments`.`article_id` IN (1, 2)[0m
  [1m[36mArticle Load (0.8ms)[0m  [1m[34mSELECT  `articles`.* FROM `articles` WHERE (title LIKE '%test%' OR content LIKE '%test%') ORDER BY `articles`.`date` DESC LIMIT 20[0m
  [1m[36mComment Load (0.5ms)[0m  [1m[34mSELECT `comments`.* FROM `comments` WHERE `comments`.`article_id` IN (1, 2)[0m
  [1m[36mArticle Load (1.1ms)[0m  [1m[34mSELECT  `articles`.* FROM `articles` WHERE (title LIKE '%test%' OR content LIKE '%test%') ORDER BY `articles`.`date` DESC LIMIT 20[0m
  [1m[36mComment Load (0.8ms)[0m  [1m[34mSELECT `comments`.* FROM `comments` WHERE `comments`.`article_id` IN (1, 2)[0m
  [1m[36mArticle Load (0.7ms)[0m  [1m[34mSELECT  `articles`.* FROM `articles` WHERE (title LIKE '%test%' OR content LIKE '%test%') ORDER BY `articles`.`date` DESC LIMIT 20[0m
  [1m[36mComment Load (0.5ms)[0m  [1m[34mSELECT `comments`.* FROM `comments` WHERE `comments`.`article_id` IN (1, 2)[0m
  [1m[36mArticle Load (0.6ms)[0m  [1m[34mSELECT  `articles`.* FROM `articles` WHERE (title LIKE '%test%' OR content LIKE '%test%') ORDER BY `articles`.`date` DESC LIMIT 20[0m
  [1m[36mComment Load (0.4ms)[0m  [1m[34mSELECT `comments`.* FROM `comments` WHERE `comments`.`article_id` IN (1, 2)[0m
  [1m[36mArticle Load (0.6ms)[0m  [1m[34mSELECT  `articles`.* FROM `articles` WHERE (title LIKE '%test%' OR content LIKE '%test%') ORDER BY `articles`.`date` DESC LIMIT 20[0m
  [1m[36mComment Load (0.5ms)[0m  [1m[34mSELECT `comments`.* FROM `comments` WHERE `comments`.`article_id` IN (1, 2)[0m
  [1m[36mArticle Load (0.6ms)[0m  [1m[34mSELECT  `articles`.* FROM `articles` WHERE (title LIKE '%test%' OR content LIKE '%test%') ORDER BY `articles`.`date` DESC LIMIT 20[0m
  [1m[36mComment Load (0.4ms)[0m  [1m[34mSELECT `comments`.* FROM `comments` WHERE `comments`.`article_id` IN (1, 2)[0m
  [1m[36mArticle Load (0.8ms)[0m  [1m[34mSELECT  `articles`.* FROM `articles` WHERE (title LIKE '%test%' OR content LIKE '%test%') ORDER BY `articles`.`date` DESC LIMIT 20[0m
  [1m[36mComment Load (0.6ms)[0m  [1m[34mSELECT `comments`.* FROM `comments` WHERE `comments`.`article_id` IN (1, 2)[0m
  [1m[36mArticle Load (1.1ms)[0m  [1m[34mSELECT  `articles`.* FROM `articles` WHERE (title LIKE '%test%' OR content LIKE '%test%') ORDER BY `articles`.`date` DESC LIMIT 20[0m
  [1m[36mComment Load (0.8ms)[0m  [1m[34mSELECT `comments`.* FROM `comments` WHERE `comments`.`article_id` IN (1, 2)[0m
  [1m[36mArticle Load (0.5ms)[0m  [1m[34mSELECT  `articles`.* FROM `articles` WHERE (title LIKE '%test%' OR content LIKE '%test%') ORDER BY `articles`.`date` DESC LIMIT 20[0m
  [1m[36mComment Load (0.4ms)[0m  [1m[34mSELECT `comments`.* FROM `comments` WHERE `comments`.`article_id` IN (1, 2)[0m
  Rendering articles/search.json.jbuilder
  [1m[35m (0.4ms)[0m  [1m[34mSELECT COUNT(*) FROM `comments` WHERE `comments`.`article_id` = 1[0m
  [1m[35m (0.4ms)[0m  [1m[34mSELECT COUNT(*) FROM `comments` WHERE `comments`.`article_id` = 2[0m
  Rendered articles/search.json.jbuilder (20.6ms)
Completed 200 OK in 956243ms (Views: 25.1ms | ActiveRecord: 54.7ms)


Started GET "/articles/1/comments" for ::1 at 2018-06-02 00:39:42 +0500
  [1m[35m (0.3ms)[0m  [1m[35mSET NAMES utf8,  @@SESSION.sql_mode = CONCAT(CONCAT(@@sql_mode, ',STRICT_ALL_TABLES'), ',NO_AUTO_VALUE_ON_ZERO'),  @@SESSION.sql_auto_is_null = 0, @@SESSION.wait_timeout = 2147483[0m
  [1m[35m (0.4ms)[0m  [1m[35mSET NAMES utf8,  @@SESSION.sql_mode = CONCAT(CONCAT(@@sql_mode, ',STRICT_ALL_TABLES'), ',NO_AUTO_VALUE_ON_ZERO'),  @@SESSION.sql_auto_is_null = 0, @@SESSION.wait_timeout = 2147483[0m
Processing by CommentsController#index as JSON
  Parameters: {"article_id"=>"1", "comment"=>{}}
  Rendering comments/index.json.jbuilder
  [1m[36mComment Load (0.6ms)[0m  [1m[34mSELECT `comments`.* FROM `comments` ORDER BY `comments`.`created_at` DESC[0m
  Rendered comments/index.json.jbuilder (2.4ms)
Completed 200 OK in 10ms (Views: 8.0ms | ActiveRecord: 0.6ms)


Started GET "/articles/2/comments" for ::1 at 2018-06-02 00:39:49 +0500
Processing by CommentsController#index as JSON
  Parameters: {"article_id"=>"2", "comment"=>{}}
  Rendering comments/index.json.jbuilder
  [1m[36mComment Load (0.5ms)[0m  [1m[34mSELECT `comments`.* FROM `comments` ORDER BY `comments`.`created_at` DESC[0m
  Rendered comments/index.json.jbuilder (2.2ms)
Completed 200 OK in 13ms (Views: 9.0ms | ActiveRecord: 0.5ms)


  [1m[35m (0.5ms)[0m  [1m[35mSET NAMES utf8,  @@SESSION.sql_mode = CONCAT(CONCAT(@@sql_mode, ',STRICT_ALL_TABLES'), ',NO_AUTO_VALUE_ON_ZERO'),  @@SESSION.sql_auto_is_null = 0, @@SESSION.wait_timeout = 2147483[0m
Started POST "/articles/2/comments" for ::1 at 2018-06-02 00:41:36 +0500
Processing by CommentsController#create as JSON
  Parameters: {"id"=>2, "email"=>"hamzafastian@gmail.com", "title"=>"hamza", "content"=>"test content", "article_id"=>"2", "comment"=>{"id"=>2, "email"=>"hamzafastian@gmail.com", "article_id"=>"2", "title"=>"hamza", "content"=>"test content"}}
Can't verify CSRF token authenticity.
Unpermitted parameter: :id
  [1m[35m (6.6ms)[0m  [1m[35mBEGIN[0m
  [1m[36mArticle Load (0.6ms)[0m  [1m[34mSELECT  `articles`.* FROM `articles` WHERE `articles`.`id` = 1 LIMIT 1[0m
  [1m[35mSQL (0.4ms)[0m  [1m[32mINSERT INTO `comments` (`email`, `article_id`, `title`, `content`, `created_at`, `updated_at`) VALUES ('hamzafastian@gmail.com', 1, 'hamza', 'test content', '2018-06-01 19:41:36', '2018-06-01 19:41:36')[0m
  [1m[35m (115.4ms)[0m  [1m[35mCOMMIT[0m
  Rendering comments/show.json.jbuilder
  Rendered comments/show.json.jbuilder (1.0ms)
Completed 201 Created in 207ms (Views: 30.2ms | ActiveRecord: 123.5ms)


Started GET "/articles/1/comments" for ::1 at 2018-06-02 00:41:45 +0500
Processing by CommentsController#index as JSON
  Parameters: {"article_id"=>"1", "comment"=>{}}
  Rendering comments/index.json.jbuilder
  [1m[36mComment Load (0.5ms)[0m  [1m[34mSELECT `comments`.* FROM `comments` ORDER BY `comments`.`created_at` DESC[0m
  Rendered comments/index.json.jbuilder (5.2ms)
Completed 200 OK in 9ms (Views: 7.1ms | ActiveRecord: 0.5ms)


Started GET "/articles/search?keyword=test" for ::1 at 2018-06-02 00:51:08 +0500
Processing by ArticlesController#search as JSON
  Parameters: {"keyword"=>"test", "article"=>{}}
  [1m[36mArticle Load (0.7ms)[0m  [1m[34mSELECT  `articles`.* FROM `articles` WHERE (title LIKE '%test%' OR content LIKE '%test%') ORDER BY `articles`.`date` DESC LIMIT 20[0m
  [1m[36mComment Load (48.3ms)[0m  [1m[34mSELECT `comments`.* FROM `comments` WHERE `comments`.`article_id` IN (1, 2)[0m
  [1m[36mCACHE Article Load (0.0ms)[0m  [1m[34mSELECT  `articles`.* FROM `articles` WHERE (title LIKE '%test%' OR content LIKE '%test%') ORDER BY `articles`.`date` DESC LIMIT 20[0m  [["LIMIT", 20]]
  [1m[36mCACHE Comment Load (0.0ms)[0m  [1m[34mSELECT `comments`.* FROM `comments` WHERE `comments`.`article_id` IN (1, 2)[0m
  [1m[36mCACHE Article Load (0.1ms)[0m  [1m[34mSELECT  `articles`.* FROM `articles` WHERE (title LIKE '%test%' OR content LIKE '%test%') ORDER BY `articles`.`date` DESC LIMIT 20[0m  [["LIMIT", 20]]
  [1m[36mCACHE Comment Load (0.0ms)[0m  [1m[34mSELECT `comments`.* FROM `comments` WHERE `comments`.`article_id` IN (1, 2)[0m
  [1m[36mCACHE Article Load (0.1ms)[0m  [1m[34mSELECT  `articles`.* FROM `articles` WHERE (title LIKE '%test%' OR content LIKE '%test%') ORDER BY `articles`.`date` DESC LIMIT 20[0m  [["LIMIT", 20]]
  [1m[36mCACHE Comment Load (0.0ms)[0m  [1m[34mSELECT `comments`.* FROM `comments` WHERE `comments`.`article_id` IN (1, 2)[0m
  Rendering articles/search.json.jbuilder
  [1m[35m (0.5ms)[0m  [1m[34mSELECT COUNT(*) FROM `comments` WHERE `comments`.`article_id` = 1[0m
  [1m[35m (0.4ms)[0m  [1m[34mSELECT COUNT(*) FROM `comments` WHERE `comments`.`article_id` = 2[0m
  Rendered articles/search.json.jbuilder (4.6ms)
Completed 200 OK in 94809ms (Views: 6.7ms | ActiveRecord: 96.6ms)


Started GET "/articles/search?keyword=test" for ::1 at 2018-06-02 00:52:52 +0500
Processing by ArticlesController#search as JSON
  Parameters: {"keyword"=>"test", "article"=>{}}
  [1m[36mArticle Load (0.7ms)[0m  [1m[34mSELECT  `articles`.* FROM `articles` WHERE (title LIKE '%test%' OR content LIKE '%test%') ORDER BY `articles`.`date` DESC LIMIT 20[0m
  [1m[36mComment Load (0.5ms)[0m  [1m[34mSELECT `comments`.* FROM `comments` WHERE `comments`.`article_id` IN (1, 2)[0m
  [1m[36mArticle Load (0.9ms)[0m  [1m[34mSELECT  `articles`.* FROM `articles` WHERE (title LIKE '%test%' OR content LIKE '%test%') LIMIT 20[0m
  [1m[36mCACHE Comment Load (0.0ms)[0m  [1m[34mSELECT `comments`.* FROM `comments` WHERE `comments`.`article_id` IN (1, 2)[0m
  [1m[36mArticle Load (0.5ms)[0m  [1m[34mSELECT  `articles`.* FROM `articles` WHERE (title LIKE '%test%' OR content LIKE '%test%') ORDER BY `articles`.`id` ASC LIMIT 20[0m
  [1m[36mCACHE Comment Load (0.0ms)[0m  [1m[34mSELECT `comments`.* FROM `comments` WHERE `comments`.`article_id` IN (1, 2)[0m
  [1m[36mCACHE Article Load (0.0ms)[0m  [1m[34mSELECT  `articles`.* FROM `articles` WHERE (title LIKE '%test%' OR content LIKE '%test%') LIMIT 20[0m  [["LIMIT", 20]]
  [1m[36mCACHE Comment Load (0.0ms)[0m  [1m[34mSELECT `comments`.* FROM `comments` WHERE `comments`.`article_id` IN (1, 2)[0m
  [1m[36mCACHE Article Load (0.1ms)[0m  [1m[34mSELECT  `articles`.* FROM `articles` WHERE (title LIKE '%test%' OR content LIKE '%test%') ORDER BY `articles`.`date` DESC LIMIT 20[0m  [["LIMIT", 20]]
  [1m[36mCACHE Comment Load (0.0ms)[0m  [1m[34mSELECT `comments`.* FROM `comments` WHERE `comments`.`article_id` IN (1, 2)[0m
  Rendering articles/search.json.jbuilder
  [1m[35m (0.5ms)[0m  [1m[34mSELECT COUNT(*) FROM `comments` WHERE `comments`.`article_id` = 1[0m
  [1m[35m (0.8ms)[0m  [1m[34mSELECT COUNT(*) FROM `comments` WHERE `comments`.`article_id` = 2[0m
  Rendered articles/search.json.jbuilder (6.0ms)
Completed 200 OK in 183577ms (Views: 7.8ms | ActiveRecord: 4.3ms)


Started GET "/articles/search?keyword=test" for ::1 at 2018-06-02 00:56:03 +0500
Processing by ArticlesController#search as JSON
  Parameters: {"keyword"=>"test", "article"=>{}}
  [1m[36mArticle Load (0.6ms)[0m  [1m[34mSELECT  `articles`.* FROM `articles` WHERE (title LIKE '%test%' OR content LIKE '%test%') ORDER BY `articles`.`date` DESC LIMIT 20[0m
  [1m[36mComment Load (0.5ms)[0m  [1m[34mSELECT `comments`.* FROM `comments` WHERE `comments`.`article_id` IN (1, 2)[0m
  [1m[36mCACHE Article Load (0.0ms)[0m  [1m[34mSELECT  `articles`.* FROM `articles` WHERE (title LIKE '%test%' OR content LIKE '%test%') ORDER BY `articles`.`date` DESC LIMIT 20[0m  [["LIMIT", 20]]
  [1m[36mCACHE Comment Load (0.0ms)[0m  [1m[34mSELECT `comments`.* FROM `comments` WHERE `comments`.`article_id` IN (1, 2)[0m
  Rendering articles/search.json.jbuilder
  [1m[35m (0.7ms)[0m  [1m[34mSELECT COUNT(*) FROM `comments` WHERE `comments`.`article_id` = 1[0m
  [1m[35m (0.6ms)[0m  [1m[34mSELECT COUNT(*) FROM `comments` WHERE `comments`.`article_id` = 2[0m
  Rendered articles/search.json.jbuilder (8.5ms)
Completed 200 OK in 17298ms (Views: 11.5ms | ActiveRecord: 2.4ms)


Started GET "/articles/search?keyword=test" for ::1 at 2018-06-02 00:56:37 +0500
Processing by ArticlesController#search as JSON
  Parameters: {"keyword"=>"test", "article"=>{}}
  [1m[36mArticle Load (0.6ms)[0m  [1m[34mSELECT  `articles`.* FROM `articles` WHERE (title LIKE '%test%' OR content LIKE '%test%') ORDER BY `articles`.`date` DESC LIMIT 20[0m
  [1m[36mComment Load (0.4ms)[0m  [1m[34mSELECT `comments`.* FROM `comments` WHERE `comments`.`article_id` IN (1, 2)[0m
